nohup: ignoring input
*********  Fitting light curves   ******************
0 modelnum = 63 sntype= CART
Current procedures:  ['lcfit']
Load base fit input file.. /media/emille/git/COIN/RESSPECT_repo/RESSPECT//auxiliary_files/baseinputs/perfect_sim_v1.nml
Setting key VERSION_PHOTOMETRY=LSST_WFD_MODEL63 in &SNLCINP
Addding key SNCID_LIST_FILE=results/WFD/salt3_CART/snid/CART_WFD_photoids_plasticc_1.dat_test_63 in &SNLCINP
Setting key PRIVATE_DATA_PATH=/media/RESSPECT/data/PLAsTiCC/SNANA/ in &SNLCINP
Setting key TEXTFILE_PREFIX=results/WFD/salt3_CART/test_fitres_1_0 in &SNLCINP
Write fit input to file: results/WFD/salt3_CART/pipelineinputs/snfit_TEST.nml.temp.1631751187.6430998
Running snlc_fit.exe /media/emille/git/COIN/RESSPECT_work/PLAsTiCC/metrics_paper/resspect_metric/clean_code/results/WFD/salt3_CART/pipelineinputs/snfit_TEST.nml.temp.1631751187.6430998
snlc_fit.exe finished successfully.
Replacing zHD with SIM_ZCMB
Current procedures:  ['getmu', 'cosmofit']
Adding/modifying key file=results/WFD/salt3_CART/test_fitres_combined.fitres
Adding/modifying key prefix=results/WFD/salt3_CART/test_salt2mu_res_1_combined
input file saved as: results/WFD/salt3_CART/pipelineinputs/test_salt2mu.input.temp.1631751571.668645
Running SALT2mu.exe /media/emille/git/COIN/RESSPECT_work/PLAsTiCC/metrics_paper/resspect_metric/clean_code/results/WFD/salt3_CART/pipelineinputs/test_salt2mu.input.temp.1631751571.668645
SALT2mu.exe finished successfully.
Running wfit.exe /media/emille/git/COIN/RESSPECT_work/PLAsTiCC/metrics_paper/resspect_metric/clean_code/results/WFD/salt3_CART/test_salt2mu_res_1_combined.M0DIF -ompri 0.3 -dompri 0.01
wfit.exe finished successfully.
--- 385.1918385028839 seconds ---
